build/app/intermediates/manifest_merge_blame_file/debug/manifest-merger-blame-debug-report.txt
1<?xml version="1.0" encoding="utf-8"?>
2<manifest xmlns:android="http://schemas.android.com/apk/res/android"
3    package="com.example.prerna"
4    android:versionCode="1"
5    android:versionName="1.0.0" >
6
7    <uses-sdk
8        android:minSdkVersion="23"
9        android:targetSdkVersion="30" />
10    <!--
11         Flutter needs it to communicate with the running application
12         to allow setting breakpoints, to provide hot reload, etc.
13    -->
14    <uses-permission android:name="android.permission.INTERNET" />
14-->src/debug/AndroidManifest.xml:6:5-66
14-->src/debug/AndroidManifest.xml:6:22-64
15    <uses-permission android:name="android.permission.READ_PHONE_STATE" />
15-->[:imei_plugin] AndroidManifest.xml:7:5-75
15-->[:imei_plugin] AndroidManifest.xml:7:22-72
16    <uses-permission android:name="android.permission.READ_EXTERNAL_STORAGE" />
16-->[:image_picker] AndroidManifest.xml:7:5-80
16-->[:image_picker] AndroidManifest.xml:7:22-77
17    <uses-permission android:name="android.permission.WRITE_EXTERNAL_STORAGE" /> <!-- Although the *SdkVersion is captured in gradle build files, this is required for non gradle builds -->
17-->[:image_picker] AndroidManifest.xml:8:5-81
17-->[:image_picker] AndroidManifest.xml:8:22-78
18    <!-- <uses-sdk android:minSdkVersion="14" /> -->
19    <uses-permission android:name="android.permission.ACCESS_NETWORK_STATE" />
19-->[com.google.firebase:firebase-firestore:22.1.1] AndroidManifest.xml:13:5-79
19-->[com.google.firebase:firebase-firestore:22.1.1] AndroidManifest.xml:13:22-76
20    <uses-permission android:name="android.permission.WAKE_LOCK" />
20-->[com.google.android.gms:play-services-measurement-api:18.0.2] AndroidManifest.xml:24:5-68
20-->[com.google.android.gms:play-services-measurement-api:18.0.2] AndroidManifest.xml:24:22-65
21    <uses-permission android:name="com.google.android.finsky.permission.BIND_GET_INSTALL_REFERRER_SERVICE" />
21-->[com.google.android.gms:play-services-measurement:18.0.2] AndroidManifest.xml:26:5-110
21-->[com.google.android.gms:play-services-measurement:18.0.2] AndroidManifest.xml:26:22-107
22
23    <application
23-->src/main/AndroidManifest.xml:3:4-40:19
24        android:appComponentFactory="androidx.core.app.CoreComponentFactory"
24-->[androidx.core:core:1.1.0] AndroidManifest.xml:24:18-86
25        android:debuggable="true"
26        android:extractNativeLibs="false"
27        android:icon="@mipmap/ic_launcher"
27-->src/main/AndroidManifest.xml:5:9-43
28        android:label="prerna" >
28-->src/main/AndroidManifest.xml:4:9-31
29        <activity
29-->src/main/AndroidManifest.xml:6:9-34:20
30            android:name="com.example.prerna.MainActivity"
30-->src/main/AndroidManifest.xml:7:13-41
31            android:configChanges="orientation|keyboardHidden|keyboard|screenSize|smallestScreenSize|locale|layoutDirection|fontScale|screenLayout|density|uiMode"
31-->src/main/AndroidManifest.xml:10:13-163
32            android:hardwareAccelerated="true"
32-->src/main/AndroidManifest.xml:11:13-47
33            android:launchMode="singleTop"
33-->src/main/AndroidManifest.xml:8:13-43
34            android:theme="@style/LaunchTheme"
34-->src/main/AndroidManifest.xml:9:13-47
35            android:windowSoftInputMode="adjustResize" >
35-->src/main/AndroidManifest.xml:12:13-55
36
37            <!--
38                 Specifies an Android theme to apply to this Activity as soon as
39                 the Android process has started. This theme is visible to the user
40                 while the Flutter UI initializes. After that, this theme continues
41                 to determine the Window background behind the Flutter UI.
42            -->
43            <meta-data
43-->src/main/AndroidManifest.xml:17:13-20:17
44                android:name="io.flutter.embedding.android.NormalTheme"
44-->src/main/AndroidManifest.xml:18:15-70
45                android:resource="@style/NormalTheme" />
45-->src/main/AndroidManifest.xml:19:15-52
46            <!--
47                 Displays an Android View that continues showing the launch screen
48                 Drawable until Flutter paints its first frame, then this splash
49                 screen fades out. A splash screen is useful to avoid any visual
50                 gap between the end of Android's launch screen and the painting of
51                 Flutter's first frame.
52            -->
53            <meta-data
53-->src/main/AndroidManifest.xml:26:13-29:17
54                android:name="io.flutter.embedding.android.SplashScreenDrawable"
54-->src/main/AndroidManifest.xml:27:15-79
55                android:resource="@drawable/launch_background" />
55-->src/main/AndroidManifest.xml:28:15-61
56
57            <intent-filter>
57-->src/main/AndroidManifest.xml:30:13-33:29
58                <action android:name="android.intent.action.MAIN" />
58-->src/main/AndroidManifest.xml:31:17-68
58-->src/main/AndroidManifest.xml:31:25-66
59
60                <category android:name="android.intent.category.LAUNCHER" />
60-->src/main/AndroidManifest.xml:32:17-76
60-->src/main/AndroidManifest.xml:32:27-74
61            </intent-filter>
62        </activity>
63        <!--
64             Don't delete the meta-data below.
65             This is used by the Flutter tool to generate GeneratedPluginRegistrant.java
66        -->
67        <meta-data
67-->src/main/AndroidManifest.xml:37:9-39:33
68            android:name="flutterEmbedding"
68-->src/main/AndroidManifest.xml:38:13-44
69            android:value="2" />
69-->src/main/AndroidManifest.xml:39:13-30
70
71        <provider
71-->[:image_picker] AndroidManifest.xml:11:9-19:20
72            android:name="io.flutter.plugins.imagepicker.ImagePickerFileProvider"
72-->[:image_picker] AndroidManifest.xml:12:13-82
73            android:authorities="com.example.prerna.flutter.image_provider"
73-->[:image_picker] AndroidManifest.xml:13:13-74
74            android:exported="false"
74-->[:image_picker] AndroidManifest.xml:14:13-37
75            android:grantUriPermissions="true" >
75-->[:image_picker] AndroidManifest.xml:15:13-47
76            <meta-data
76-->[:image_picker] AndroidManifest.xml:16:13-18:75
77                android:name="android.support.FILE_PROVIDER_PATHS"
77-->[:image_picker] AndroidManifest.xml:17:17-67
78                android:resource="@xml/flutter_image_picker_file_paths" />
78-->[:image_picker] AndroidManifest.xml:18:17-72
79        </provider>
80
81        <service
81-->[:cloud_firestore] AndroidManifest.xml:8:9-12:19
82            android:name="com.google.firebase.components.ComponentDiscoveryService"
82-->[:cloud_firestore] AndroidManifest.xml:8:18-89
83            android:directBootAware="true"
83-->[com.google.firebase:firebase-common:19.5.0] AndroidManifest.xml:35:13-43
84            android:exported="false" >
84-->[com.google.firebase:firebase-firestore:22.1.1] AndroidManifest.xml:19:13-37
85            <meta-data
85-->[:cloud_firestore] AndroidManifest.xml:9:13-11:85
86                android:name="com.google.firebase.components:io.flutter.plugins.firebase.firestore.FlutterFirebaseFirestoreRegistrar"
86-->[:cloud_firestore] AndroidManifest.xml:10:17-134
87                android:value="com.google.firebase.components.ComponentRegistrar" />
87-->[:cloud_firestore] AndroidManifest.xml:11:17-82
88            <meta-data
88-->[:firebase_core] AndroidManifest.xml:9:13-11:85
89                android:name="com.google.firebase.components:io.flutter.plugins.firebase.core.FlutterFirebaseCoreRegistrar"
89-->[:firebase_core] AndroidManifest.xml:10:17-124
90                android:value="com.google.firebase.components.ComponentRegistrar" />
90-->[:firebase_core] AndroidManifest.xml:11:17-82
91            <meta-data
91-->[com.google.firebase:firebase-firestore:22.1.1] AndroidManifest.xml:20:13-22:85
92                android:name="com.google.firebase.components:com.google.firebase.firestore.FirestoreRegistrar"
92-->[com.google.firebase:firebase-firestore:22.1.1] AndroidManifest.xml:21:17-111
93                android:value="com.google.firebase.components.ComponentRegistrar" />
93-->[com.google.firebase:firebase-firestore:22.1.1] AndroidManifest.xml:22:17-82
94            <meta-data
94-->[com.google.android.gms:play-services-measurement-api:18.0.2] AndroidManifest.xml:30:13-32:85
95                android:name="com.google.firebase.components:com.google.firebase.analytics.connector.internal.AnalyticsConnectorRegistrar"
95-->[com.google.android.gms:play-services-measurement-api:18.0.2] AndroidManifest.xml:31:17-139
96                android:value="com.google.firebase.components.ComponentRegistrar" />
96-->[com.google.android.gms:play-services-measurement-api:18.0.2] AndroidManifest.xml:32:17-82
97            <meta-data
97-->[com.google.firebase:firebase-installations:16.3.5] AndroidManifest.xml:18:13-20:85
98                android:name="com.google.firebase.components:com.google.firebase.installations.FirebaseInstallationsRegistrar"
98-->[com.google.firebase:firebase-installations:16.3.5] AndroidManifest.xml:19:17-127
99                android:value="com.google.firebase.components.ComponentRegistrar" />
99-->[com.google.firebase:firebase-installations:16.3.5] AndroidManifest.xml:20:17-82
100            <!--
101                This registrar is not defined in the dynamic-module-support sdk itself to allow non-firebase
102                clients to use it as well, by defining this registrar in their own core/common library.
103            -->
104            <meta-data
104-->[com.google.firebase:firebase-common:19.5.0] AndroidManifest.xml:43:13-45:85
105                android:name="com.google.firebase.components:com.google.firebase.dynamicloading.DynamicLoadingRegistrar"
105-->[com.google.firebase:firebase-common:19.5.0] AndroidManifest.xml:44:17-121
106                android:value="com.google.firebase.components.ComponentRegistrar" />
106-->[com.google.firebase:firebase-common:19.5.0] AndroidManifest.xml:45:17-82
107        </service>
108
109        <provider
109-->[com.google.firebase:firebase-common:19.5.0] AndroidManifest.xml:26:9-31:39
110            android:name="com.google.firebase.provider.FirebaseInitProvider"
110-->[com.google.firebase:firebase-common:19.5.0] AndroidManifest.xml:27:13-77
111            android:authorities="com.example.prerna.firebaseinitprovider"
111-->[com.google.firebase:firebase-common:19.5.0] AndroidManifest.xml:28:13-72
112            android:directBootAware="true"
112-->[com.google.firebase:firebase-common:19.5.0] AndroidManifest.xml:29:13-43
113            android:exported="false"
113-->[com.google.firebase:firebase-common:19.5.0] AndroidManifest.xml:30:13-37
114            android:initOrder="100" />
114-->[com.google.firebase:firebase-common:19.5.0] AndroidManifest.xml:31:13-36
115
116        <activity
116-->[com.google.android.gms:play-services-base:17.0.0] AndroidManifest.xml:23:9-26:75
117            android:name="com.google.android.gms.common.api.GoogleApiActivity"
117-->[com.google.android.gms:play-services-base:17.0.0] AndroidManifest.xml:24:13-79
118            android:exported="false"
118-->[com.google.android.gms:play-services-base:17.0.0] AndroidManifest.xml:25:13-37
119            android:theme="@android:style/Theme.Translucent.NoTitleBar" />
119-->[com.google.android.gms:play-services-base:17.0.0] AndroidManifest.xml:26:13-72
120
121        <receiver
121-->[com.google.android.gms:play-services-measurement:18.0.2] AndroidManifest.xml:29:9-33:20
122            android:name="com.google.android.gms.measurement.AppMeasurementReceiver"
122-->[com.google.android.gms:play-services-measurement:18.0.2] AndroidManifest.xml:30:13-85
123            android:enabled="true"
123-->[com.google.android.gms:play-services-measurement:18.0.2] AndroidManifest.xml:31:13-35
124            android:exported="false" >
124-->[com.google.android.gms:play-services-measurement:18.0.2] AndroidManifest.xml:32:13-37
125        </receiver>
126
127        <service
127-->[com.google.android.gms:play-services-measurement:18.0.2] AndroidManifest.xml:35:9-38:40
128            android:name="com.google.android.gms.measurement.AppMeasurementService"
128-->[com.google.android.gms:play-services-measurement:18.0.2] AndroidManifest.xml:36:13-84
129            android:enabled="true"
129-->[com.google.android.gms:play-services-measurement:18.0.2] AndroidManifest.xml:37:13-35
130            android:exported="false" />
130-->[com.google.android.gms:play-services-measurement:18.0.2] AndroidManifest.xml:38:13-37
131        <service
131-->[com.google.android.gms:play-services-measurement:18.0.2] AndroidManifest.xml:39:9-43:72
132            android:name="com.google.android.gms.measurement.AppMeasurementJobService"
132-->[com.google.android.gms:play-services-measurement:18.0.2] AndroidManifest.xml:40:13-87
133            android:enabled="true"
133-->[com.google.android.gms:play-services-measurement:18.0.2] AndroidManifest.xml:41:13-35
134            android:exported="false"
134-->[com.google.android.gms:play-services-measurement:18.0.2] AndroidManifest.xml:42:13-37
135            android:permission="android.permission.BIND_JOB_SERVICE" />
135-->[com.google.android.gms:play-services-measurement:18.0.2] AndroidManifest.xml:43:13-69
136
137        <meta-data
137-->[com.google.android.gms:play-services-basement:17.0.0] AndroidManifest.xml:23:9-25:69
138            android:name="com.google.android.gms.version"
138-->[com.google.android.gms:play-services-basement:17.0.0] AndroidManifest.xml:24:13-58
139            android:value="@integer/google_play_services_version" />
139-->[com.google.android.gms:play-services-basement:17.0.0] AndroidManifest.xml:25:13-66
140    </application>
141
142</manifest>